#
# There is insufficient memory for the Java Runtime Environment to continue.
# Native memory allocation (mmap) failed to map 535298048 bytes for committing reserved memory.
# Possible reasons:
#   The system is out of physical RAM or swap space
#   In 32 bit mode, the process size limit was hit
# Possible solutions:
#   Reduce memory load on the system
#   Increase physical memory or swap space
#   Check if swap backing store is full
#   Use 64 bit Java on a 64 bit OS
#   Decrease Java heap size (-Xmx/-Xms)
#   Decrease number of Java threads
#   Decrease Java thread stack sizes (-Xss)
#   Set larger code cache with -XX:ReservedCodeCacheSize=
# This output file may be truncated or incomplete.
#
#  Out of Memory Error (os_linux.cpp:2718), pid=15153, tid=139808308815616
#
# JRE version:  (8.0_05-b13) (build )
# Java VM: Java HotSpot(TM) 64-Bit Server VM (25.5-b02 mixed mode linux-amd64 compressed oops)
# Failed to write core dump. Core dumps have been disabled. To enable core dumping, try "ulimit -c unlimited" before starting Java again
#

---------------  T H R E A D  ---------------

Current thread (0x00007f27a000a000):  JavaThread "Unknown thread" [_thread_in_vm, id=15154, stack(0x00007f27a8856000,0x00007f27a8957000)]

Stack: [0x00007f27a8856000,0x00007f27a8957000],  sp=0x00007f27a89553c0,  free space=1020k
Native frames: (J=compiled Java code, j=interpreted, Vv=VM code, C=native code)
V  [libjvm.so+0xa2f43a]  VMError::report_and_die()+0x2ca
V  [libjvm.so+0x4b2d5b]  report_vm_out_of_memory(char const*, int, unsigned long, VMErrorType, char const*)+0x8b
V  [libjvm.so+0x89e443]  os::Linux::commit_memory_impl(char*, unsigned long, bool)+0x103
V  [libjvm.so+0x89e999]  os::pd_commit_memory(char*, unsigned long, unsigned long, bool)+0x29
V  [libjvm.so+0x89863a]  os::commit_memory(char*, unsigned long, unsigned long, bool)+0x2a
V  [libjvm.so+0x909243]  PSVirtualSpace::expand_by(unsigned long)+0x53
V  [libjvm.so+0x8f9819]  PSOldGen::initialize(ReservedSpace, unsigned long, char const*, int)+0xb9
V  [libjvm.so+0x2a5016]  AdjoiningGenerations::AdjoiningGenerations(ReservedSpace, GenerationSizer*, unsigned long)+0x3a6
V  [libjvm.so+0x8bf5ce]  ParallelScavengeHeap::initialize()+0x1ae
V  [libjvm.so+0x9fd783]  Universe::initialize_heap()+0xe3
V  [libjvm.so+0x9fdbc4]  universe_init()+0x64
V  [libjvm.so+0x5d45c5]  init_globals()+0x65
V  [libjvm.so+0x9e44ad]  Threads::create_vm(JavaVMInitArgs*, bool*)+0x24d
V  [libjvm.so+0x6659f4]  JNI_CreateJavaVM+0x74
C  [libjli.so+0x703e]  JavaMain+0x9e


---------------  P R O C E S S  ---------------

Java Threads: ( => current thread )

Other Threads:

=>0x00007f27a000a000 (exited) JavaThread "Unknown thread" [_thread_in_vm, id=15154, stack(0x00007f27a8856000,0x00007f27a8957000)]

VM state:not at safepoint (not fully initialized)

VM Mutex/Monitor currently owned by a thread: None

GC Heap History (0 events):
No events

Deoptimization events (0 events):
No events

Internal exceptions (0 events):
No events

Events (0 events):
No events


Dynamic libraries:
00400000-00401000 r-xp 00000000 08:04 1124264                            /usr/lib/jvm/java-8-oracle/jre/bin/java
00600000-00601000 rw-p 00000000 08:04 1124264                            /usr/lib/jvm/java-8-oracle/jre/bin/java
022f8000-02319000 rw-p 00000000 00:00 0                                  [heap]
bfe80000-e0000000 ---p 00000000 00:00 0 
e0000000-e0180000 rw-p 00000000 00:00 0 
e0180000-100000000 ---p 00000000 00:00 0 
7f2794000000-7f2794270000 rwxp 00000000 00:00 0 
7f2794270000-7f27a0000000 ---p 00000000 00:00 0 
7f27a0000000-7f27a0026000 rw-p 00000000 00:00 0 
7f27a0026000-7f27a4000000 ---p 00000000 00:00 0 
7f27a523f000-7f27a54a7000 rw-p 00000000 00:00 0 
7f27a54a7000-7f27a56a7000 ---p 00000000 00:00 0 
7f27a56a7000-7f27a56a8000 rw-p 00000000 00:00 0 
7f27a56a8000-7f27a57a7000 ---p 00000000 00:00 0 
7f27a57a7000-7f27a57b2000 rw-p 00000000 00:00 0 
7f27a57b2000-7f27a5aa8000 ---p 00000000 00:00 0 
7f27a5aa8000-7f27a5ac4000 r-xp 00000000 08:04 1124226                    /usr/lib/jvm/java-8-oracle/jre/lib/amd64/libzip.so
7f27a5ac4000-7f27a5cc3000 ---p 0001c000 08:04 1124226                    /usr/lib/jvm/java-8-oracle/jre/lib/amd64/libzip.so
7f27a5cc3000-7f27a5cc4000 rw-p 0001b000 08:04 1124226                    /usr/lib/jvm/java-8-oracle/jre/lib/amd64/libzip.so
7f27a5cc4000-7f27a5cd0000 r-xp 00000000 08:04 669947                     /lib/x86_64-linux-gnu/libnss_files-2.15.so
7f27a5cd0000-7f27a5ecf000 ---p 0000c000 08:04 669947                     /lib/x86_64-linux-gnu/libnss_files-2.15.so
7f27a5ecf000-7f27a5ed0000 r--p 0000b000 08:04 669947                     /lib/x86_64-linux-gnu/libnss_files-2.15.so
7f27a5ed0000-7f27a5ed1000 rw-p 0000c000 08:04 669947                     /lib/x86_64-linux-gnu/libnss_files-2.15.so
7f27a5ed1000-7f27a5edb000 r-xp 00000000 08:04 669951                     /lib/x86_64-linux-gnu/libnss_nis-2.15.so
7f27a5edb000-7f27a60db000 ---p 0000a000 08:04 669951                     /lib/x86_64-linux-gnu/libnss_nis-2.15.so
7f27a60db000-7f27a60dc000 r--p 0000a000 08:04 669951                     /lib/x86_64-linux-gnu/libnss_nis-2.15.so
7f27a60dc000-7f27a60dd000 rw-p 0000b000 08:04 669951                     /lib/x86_64-linux-gnu/libnss_nis-2.15.so
7f27a60dd000-7f27a60f4000 r-xp 00000000 08:04 669963                     /lib/x86_64-linux-gnu/libnsl-2.15.so
7f27a60f4000-7f27a62f3000 ---p 00017000 08:04 669963                     /lib/x86_64-linux-gnu/libnsl-2.15.so
7f27a62f3000-7f27a62f4000 r--p 00016000 08:04 669963                     /lib/x86_64-linux-gnu/libnsl-2.15.so
7f27a62f4000-7f27a62f5000 rw-p 00017000 08:04 669963                     /lib/x86_64-linux-gnu/libnsl-2.15.so
7f27a62f5000-7f27a62f7000 rw-p 00000000 00:00 0 
7f27a62f7000-7f27a62ff000 r-xp 00000000 08:04 669945                     /lib/x86_64-linux-gnu/libnss_compat-2.15.so
7f27a62ff000-7f27a64fe000 ---p 00008000 08:04 669945                     /lib/x86_64-linux-gnu/libnss_compat-2.15.so
7f27a64fe000-7f27a64ff000 r--p 00007000 08:04 669945                     /lib/x86_64-linux-gnu/libnss_compat-2.15.so
7f27a64ff000-7f27a6500000 rw-p 00008000 08:04 669945                     /lib/x86_64-linux-gnu/libnss_compat-2.15.so
7f27a6500000-7f27a652a000 r-xp 00000000 08:04 1124244                    /usr/lib/jvm/java-8-oracle/jre/lib/amd64/libjava.so
7f27a652a000-7f27a672a000 ---p 0002a000 08:04 1124244                    /usr/lib/jvm/java-8-oracle/jre/lib/amd64/libjava.so
7f27a672a000-7f27a672c000 rw-p 0002a000 08:04 1124244                    /usr/lib/jvm/java-8-oracle/jre/lib/amd64/libjava.so
7f27a672c000-7f27a6739000 r-xp 00000000 08:04 1124242                    /usr/lib/jvm/java-8-oracle/jre/lib/amd64/libverify.so
7f27a6739000-7f27a6939000 ---p 0000d000 08:04 1124242                    /usr/lib/jvm/java-8-oracle/jre/lib/amd64/libverify.so
7f27a6939000-7f27a693b000 rw-p 0000d000 08:04 1124242                    /usr/lib/jvm/java-8-oracle/jre/lib/amd64/libverify.so
7f27a693b000-7f27a6942000 r-xp 00000000 08:04 669950                     /lib/x86_64-linux-gnu/librt-2.15.so
7f27a6942000-7f27a6b41000 ---p 00007000 08:04 669950                     /lib/x86_64-linux-gnu/librt-2.15.so
7f27a6b41000-7f27a6b42000 r--p 00006000 08:04 669950                     /lib/x86_64-linux-gnu/librt-2.15.so
7f27a6b42000-7f27a6b43000 rw-p 00007000 08:04 669950                     /lib/x86_64-linux-gnu/librt-2.15.so
7f27a6b43000-7f27a6c3e000 r-xp 00000000 08:04 669954                     /lib/x86_64-linux-gnu/libm-2.15.so
7f27a6c3e000-7f27a6e3d000 ---p 000fb000 08:04 669954                     /lib/x86_64-linux-gnu/libm-2.15.so
7f27a6e3d000-7f27a6e3e000 r--p 000fa000 08:04 669954                     /lib/x86_64-linux-gnu/libm-2.15.so
7f27a6e3e000-7f27a6e3f000 rw-p 000fb000 08:04 669954                     /lib/x86_64-linux-gnu/libm-2.15.so
7f27a6e3f000-7f27a7a59000 r-xp 00000000 08:04 1124240                    /usr/lib/jvm/java-8-oracle/jre/lib/amd64/server/libjvm.so
7f27a7a59000-7f27a7c58000 ---p 00c1a000 08:04 1124240                    /usr/lib/jvm/java-8-oracle/jre/lib/amd64/server/libjvm.so
7f27a7c58000-7f27a7d21000 rw-p 00c19000 08:04 1124240                    /usr/lib/jvm/java-8-oracle/jre/lib/amd64/server/libjvm.so
7f27a7d21000-7f27a7d62000 rw-p 00000000 00:00 0 
7f27a7d62000-7f27a7f17000 r-xp 00000000 08:04 662422                     /lib/x86_64-linux-gnu/libc-2.15.so
7f27a7f17000-7f27a8117000 ---p 001b5000 08:04 662422                     /lib/x86_64-linux-gnu/libc-2.15.so
7f27a8117000-7f27a811b000 r--p 001b5000 08:04 662422                     /lib/x86_64-linux-gnu/libc-2.15.so
7f27a811b000-7f27a811d000 rw-p 001b9000 08:04 662422                     /lib/x86_64-linux-gnu/libc-2.15.so
7f27a811d000-7f27a8122000 rw-p 00000000 00:00 0 
7f27a8122000-7f27a8124000 r-xp 00000000 08:04 669958                     /lib/x86_64-linux-gnu/libdl-2.15.so
7f27a8124000-7f27a8324000 ---p 00002000 08:04 669958                     /lib/x86_64-linux-gnu/libdl-2.15.so
7f27a8324000-7f27a8325000 r--p 00002000 08:04 669958                     /lib/x86_64-linux-gnu/libdl-2.15.so
7f27a8325000-7f27a8326000 rw-p 00003000 08:04 669958                     /lib/x86_64-linux-gnu/libdl-2.15.so
7f27a8326000-7f27a833d000 r-xp 00000000 08:04 1124247                    /usr/lib/jvm/java-8-oracle/jre/lib/amd64/jli/libjli.so
7f27a833d000-7f27a853c000 ---p 00017000 08:04 1124247                    /usr/lib/jvm/java-8-oracle/jre/lib/amd64/jli/libjli.so
7f27a853c000-7f27a853d000 rw-p 00016000 08:04 1124247                    /usr/lib/jvm/java-8-oracle/jre/lib/amd64/jli/libjli.so
7f27a853d000-7f27a8555000 r-xp 00000000 08:04 669952                     /lib/x86_64-linux-gnu/libpthread-2.15.so
7f27a8555000-7f27a8754000 ---p 00018000 08:04 669952                     /lib/x86_64-linux-gnu/libpthread-2.15.so
7f27a8754000-7f27a8755000 r--p 00017000 08:04 669952                     /lib/x86_64-linux-gnu/libpthread-2.15.so
7f27a8755000-7f27a8756000 rw-p 00018000 08:04 669952                     /lib/x86_64-linux-gnu/libpthread-2.15.so
7f27a8756000-7f27a875a000 rw-p 00000000 00:00 0 
7f27a875a000-7f27a877c000 r-xp 00000000 08:04 669955                     /lib/x86_64-linux-gnu/ld-2.15.so
7f27a8856000-7f27a8859000 ---p 00000000 00:00 0 
7f27a8859000-7f27a895b000 rw-p 00000000 00:00 0                          [stack:15154]
7f27a896e000-7f27a8970000 rw-p 00000000 00:00 0 
7f27a8970000-7f27a8978000 rw-s 00000000 08:04 44181                      /tmp/hsperfdata_moko/15153
7f27a8978000-7f27a8979000 rw-p 00000000 00:00 0 
7f27a8979000-7f27a897a000 r--p 00000000 00:00 0 
7f27a897a000-7f27a897c000 rw-p 00000000 00:00 0 
7f27a897c000-7f27a897d000 r--p 00022000 08:04 669955                     /lib/x86_64-linux-gnu/ld-2.15.so
7f27a897d000-7f27a897f000 rw-p 00023000 08:04 669955                     /lib/x86_64-linux-gnu/ld-2.15.so
7fff98558000-7fff98579000 rw-p 00000000 00:00 0                          [stack]
7fff985fe000-7fff98600000 r-xp 00000000 00:00 0                          [vdso]
ffffffffff600000-ffffffffff601000 r-xp 00000000 00:00 0                  [vsyscall]

VM Arguments:
jvm_args: -Xms512M -Xmx1536M -Xss1M -XX:ReservedCodeCacheSize=192m -XX:+CMSClassUnloadingEnabled -XX:MaxPermSize=512M -Dfile.encoding=UTF-8 -Dplay.version=2.2.2 -Dplay.home=/home/moko/app/play-2.2.2/framework -Dsbt.boot.properties=/home/moko/app/play-2.2.2/framework/sbt/sbt.boot.properties -Dsbt.scala.version=2.10.3 
java_command: /home/moko/app/play-2.2.2/framework/sbt/sbt-launch.jar play
java_class_path (initial): /home/moko/app/play-2.2.2/framework/sbt/sbt-launch.jar
Launcher Type: SUN_STANDARD

Environment Variables:
PATH=/usr/lib/lightdm/lightdm:/usr/local/sbin:/usr/local/bin:/usr/sbin:/usr/bin:/sbin:/bin:/usr/games
SHELL=/bin/zsh
DISPLAY=:0

Signal Handlers:
SIGSEGV: [libjvm.so+0xa2fc90], sa_mask[0]=0x7ffbfeff, sa_flags=0x10000004
SIGBUS: [libjvm.so+0xa2fc90], sa_mask[0]=0x7ffbfeff, sa_flags=0x10000004
SIGFPE: [libjvm.so+0x89b4b0], sa_mask[0]=0x7ffbfeff, sa_flags=0x10000004
SIGPIPE: [libjvm.so+0x89b4b0], sa_mask[0]=0x7ffbfeff, sa_flags=0x10000004
SIGXFSZ: [libjvm.so+0x89b4b0], sa_mask[0]=0x7ffbfeff, sa_flags=0x10000004
SIGILL: [libjvm.so+0x89b4b0], sa_mask[0]=0x7ffbfeff, sa_flags=0x10000004
SIGUSR1: SIG_DFL, sa_mask[0]=0x00000000, sa_flags=0x00000000
SIGUSR2: [libjvm.so+0x89cc50], sa_mask[0]=0x00000000, sa_flags=0x10000004
SIGHUP: SIG_DFL, sa_mask[0]=0x00000000, sa_flags=0x00000000
SIGINT: SIG_DFL, sa_mask[0]=0x00000000, sa_flags=0x00000000
SIGTERM: SIG_DFL, sa_mask[0]=0x00000000, sa_flags=0x00000000
SIGQUIT: SIG_DFL, sa_mask[0]=0x00000000, sa_flags=0x00000000


---------------  S Y S T E M  ---------------

OS:DISTRIB_ID=Ubuntu
DISTRIB_RELEASE=12.04
DISTRIB_CODENAME=precise
DISTRIB_DESCRIPTION="Ubuntu 12.04.4 LTS"

uname:Linux 3.8.0-39-generic #57~precise1-Ubuntu SMP Tue Apr 1 20:04:50 UTC 2014 x86_64
libc:glibc 2.15 NPTL 2.15 
rlimit: STACK 8192k, CORE 0k, NPROC 25892, NOFILE 4096, AS infinity
load average:1.59 1.33 1.41

/proc/meminfo:
MemTotal:        3532280 kB
MemFree:          193620 kB
Buffers:           14376 kB
Cached:          1124352 kB
SwapCached:            0 kB
Active:          2678700 kB
Inactive:         488256 kB
Active(anon):    2580876 kB
Inactive(anon):   383408 kB
Active(file):      97824 kB
Inactive(file):   104848 kB
Unevictable:           0 kB
Mlocked:               0 kB
SwapTotal:             0 kB
SwapFree:              0 kB
Dirty:              2168 kB
Writeback:             0 kB
AnonPages:       2028720 kB
Mapped:           100088 kB
Shmem:            935984 kB
Slab:              71584 kB
SReclaimable:      31856 kB
SUnreclaim:        39728 kB
KernelStack:        4624 kB
PageTables:        33012 kB
NFS_Unstable:          0 kB
Bounce:                0 kB
WritebackTmp:          0 kB
CommitLimit:     1766140 kB
Committed_AS:    5949772 kB
VmallocTotal:   34359738367 kB
VmallocUsed:      349040 kB
VmallocChunk:   34359385600 kB
HardwareCorrupted:     0 kB
AnonHugePages:         0 kB
HugePages_Total:       0
HugePages_Free:        0
HugePages_Rsvd:        0
HugePages_Surp:        0
Hugepagesize:       2048 kB
DirectMap4k:       69632 kB
DirectMap2M:     4032512 kB


CPU:total 4 (2 cores per cpu, 2 threads per core) family 6 model 58 stepping 9, cmov, cx8, fxsr, mmx, sse, sse2, sse3, ssse3, sse4.1, sse4.2, popcnt, avx, clmul, erms, ht, tsc, tscinvbit

/proc/cpuinfo:
processor	: 0
vendor_id	: GenuineIntel
cpu family	: 6
model		: 58
model name	: Intel(R) Core(TM) i7-3517U CPU @ 1.90GHz
stepping	: 9
microcode	: 0x12
cpu MHz		: 1900.000
cache size	: 4096 KB
physical id	: 0
siblings	: 4
core id		: 0
cpu cores	: 2
apicid		: 0
initial apicid	: 0
fpu		: yes
fpu_exception	: yes
cpuid level	: 13
wp		: yes
flags		: fpu vme de pse tsc msr pae mce cx8 apic sep mtrr pge mca cmov pat pse36 clflush dts acpi mmx fxsr sse sse2 ss ht tm pbe syscall nx rdtscp lm constant_tsc arch_perfmon pebs bts rep_good nopl xtopology nonstop_tsc aperfmperf eagerfpu pni pclmulqdq dtes64 monitor ds_cpl vmx est tm2 ssse3 cx16 xtpr pdcm pcid sse4_1 sse4_2 x2apic popcnt tsc_deadline_timer xsave avx f16c rdrand lahf_lm ida arat epb xsaveopt pln pts dtherm tpr_shadow vnmi flexpriority ept vpid fsgsbase smep erms
bogomips	: 4789.12
clflush size	: 64
cache_alignment	: 64
address sizes	: 36 bits physical, 48 bits virtual
power management:

processor	: 1
vendor_id	: GenuineIntel
cpu family	: 6
model		: 58
model name	: Intel(R) Core(TM) i7-3517U CPU @ 1.90GHz
stepping	: 9
microcode	: 0x12
cpu MHz		: 768.000
cache size	: 4096 KB
physical id	: 0
siblings	: 4
core id		: 0
cpu cores	: 2
apicid		: 1
initial apicid	: 1
fpu		: yes
fpu_exception	: yes
cpuid level	: 13
wp		: yes
flags		: fpu vme de pse tsc msr pae mce cx8 apic sep mtrr pge mca cmov pat pse36 clflush dts acpi mmx fxsr sse sse2 ss ht tm pbe syscall nx rdtscp lm constant_tsc arch_perfmon pebs bts rep_good nopl xtopology nonstop_tsc aperfmperf eagerfpu pni pclmulqdq dtes64 monitor ds_cpl vmx est tm2 ssse3 cx16 xtpr pdcm pcid sse4_1 sse4_2 x2apic popcnt tsc_deadline_timer xsave avx f16c rdrand lahf_lm ida arat epb xsaveopt pln pts dtherm tpr_shadow vnmi flexpriority ept vpid fsgsbase smep erms
bogomips	: 4789.12
clflush size	: 64
cache_alignment	: 64
address sizes	: 36 bits physical, 48 bits virtual
power management:

processor	: 2
vendor_id	: GenuineIntel
cpu family	: 6
model		: 58
model name	: Intel(R) Core(TM) i7-3517U CPU @ 1.90GHz
stepping	: 9
microcode	: 0x12
cpu MHz		: 768.000
cache size	: 4096 KB
physical id	: 0
siblings	: 4
core id		: 1
cpu cores	: 2
apicid		: 2
initial apicid	: 2
fpu		: yes
fpu_exception	: yes
cpuid level	: 13
wp		: yes
flags		: fpu vme de pse tsc msr pae mce cx8 apic sep mtrr pge mca cmov pat pse36 clflush dts acpi mmx fxsr sse sse2 ss ht tm pbe syscall nx rdtscp lm constant_tsc arch_perfmon pebs bts rep_good nopl xtopology nonstop_tsc aperfmperf eagerfpu pni pclmulqdq dtes64 monitor ds_cpl vmx est tm2 ssse3 cx16 xtpr pdcm pcid sse4_1 sse4_2 x2apic popcnt tsc_deadline_timer xsave avx f16c rdrand lahf_lm ida arat epb xsaveopt pln pts dtherm tpr_shadow vnmi flexpriority ept vpid fsgsbase smep erms
bogomips	: 4789.12
clflush size	: 64
cache_alignment	: 64
address sizes	: 36 bits physical, 48 bits virtual
power management:

processor	: 3
vendor_id	: GenuineIntel
cpu family	: 6
model		: 58
model name	: Intel(R) Core(TM) i7-3517U CPU @ 1.90GHz
stepping	: 9
microcode	: 0x12
cpu MHz		: 768.000
cache size	: 4096 KB
physical id	: 0
siblings	: 4
core id		: 1
cpu cores	: 2
apicid		: 3
initial apicid	: 3
fpu		: yes
fpu_exception	: yes
cpuid level	: 13
wp		: yes
flags		: fpu vme de pse tsc msr pae mce cx8 apic sep mtrr pge mca cmov pat pse36 clflush dts acpi mmx fxsr sse sse2 ss ht tm pbe syscall nx rdtscp lm constant_tsc arch_perfmon pebs bts rep_good nopl xtopology nonstop_tsc aperfmperf eagerfpu pni pclmulqdq dtes64 monitor ds_cpl vmx est tm2 ssse3 cx16 xtpr pdcm pcid sse4_1 sse4_2 x2apic popcnt tsc_deadline_timer xsave avx f16c rdrand lahf_lm ida arat epb xsaveopt pln pts dtherm tpr_shadow vnmi flexpriority ept vpid fsgsbase smep erms
bogomips	: 4789.12
clflush size	: 64
cache_alignment	: 64
address sizes	: 36 bits physical, 48 bits virtual
power management:



Memory: 4k page, physical 3532280k(193620k free), swap 0k(0k free)

vm_info: Java HotSpot(TM) 64-Bit Server VM (25.5-b02) for linux-amd64 JRE (1.8.0_05-b13), built on Mar 18 2014 00:29:27 by "java_re" with gcc 4.3.0 20080428 (Red Hat 4.3.0-8)

time: Sat May  3 12:19:34 2014
elapsed time: 0 seconds

